0 info it worked if it ends with ok
1 verbose cli [ 'C:\\Program Files\\nodejs\\node.exe',
1 verbose cli   'C:\\Program Files\\nodejs\\node_modules\\npm\\bin\\npm-cli.js',
1 verbose cli   'run',
1 verbose cli   'codeceptjs',
1 verbose cli   '--',
1 verbose cli   '--reporter',
1 verbose cli   'mochawesome' ]
2 info using npm@3.10.10
3 info using node@v6.11.4
4 verbose run-script [ 'precodeceptjs', 'codeceptjs', 'postcodeceptjs' ]
5 info lifecycle try2@1.0.0~precodeceptjs: try2@1.0.0
6 silly lifecycle try2@1.0.0~precodeceptjs: no script for precodeceptjs, continuing
7 info lifecycle try2@1.0.0~codeceptjs: try2@1.0.0
8 verbose lifecycle try2@1.0.0~codeceptjs: unsafe-perm in lifecycle true
9 verbose lifecycle try2@1.0.0~codeceptjs: PATH: C:\Program Files\nodejs\node_modules\npm\bin\node-gyp-bin;D:\DPP\CodeceptJS\try2\node_modules\.bin;C:\Program Files\Docker\Docker\Resources\bin;C:\ProgramData\Oracle\Java\javapath;C:\Windows\system32;C:\Windows;C:\Windows\System32\Wbem;C:\Windows\System32\WindowsPowerShell\v1.0\;C:\Program Files (x86)\Skype\Phone\;C:\Users\chief\AppData\Local\Programs\Python\Python36-32;C:\Python27;C:\Program Files\nodejs\;C:\Users\chief\AppData\Local\Microsoft\WindowsApps;C:\Python27;C:\Users\chief\AppData\Local\atom\bin;C:\Users\chief\AppData\Roaming\npm
10 verbose lifecycle try2@1.0.0~codeceptjs: CWD: D:\DPP\CodeceptJS\try2
11 silly lifecycle try2@1.0.0~codeceptjs: Args: [ '/d /s /c', 'codeceptjs run "--reporter" "mochawesome"' ]
12 silly lifecycle try2@1.0.0~codeceptjs: Returned: code: 1  signal: null
13 info lifecycle try2@1.0.0~codeceptjs: Failed to exec codeceptjs script
14 verbose stack Error: try2@1.0.0 codeceptjs: `codeceptjs run "--reporter" "mochawesome"`
14 verbose stack Exit status 1
14 verbose stack     at EventEmitter.<anonymous> (C:\Program Files\nodejs\node_modules\npm\lib\utils\lifecycle.js:255:16)
14 verbose stack     at emitTwo (events.js:106:13)
14 verbose stack     at EventEmitter.emit (events.js:191:7)
14 verbose stack     at ChildProcess.<anonymous> (C:\Program Files\nodejs\node_modules\npm\lib\utils\spawn.js:40:14)
14 verbose stack     at emitTwo (events.js:106:13)
14 verbose stack     at ChildProcess.emit (events.js:191:7)
14 verbose stack     at maybeClose (internal/child_process.js:920:16)
14 verbose stack     at Process.ChildProcess._handle.onexit (internal/child_process.js:230:5)
15 verbose pkgid try2@1.0.0
16 verbose cwd D:\DPP\CodeceptJS\try2
17 error Windows_NT 10.0.15063
18 error argv "C:\\Program Files\\nodejs\\node.exe" "C:\\Program Files\\nodejs\\node_modules\\npm\\bin\\npm-cli.js" "run" "codeceptjs" "--" "--reporter" "mochawesome"
19 error node v6.11.4
20 error npm  v3.10.10
21 error code ELIFECYCLE
22 error try2@1.0.0 codeceptjs: `codeceptjs run "--reporter" "mochawesome"`
22 error Exit status 1
23 error Failed at the try2@1.0.0 codeceptjs script 'codeceptjs run "--reporter" "mochawesome"'.
23 error Make sure you have the latest version of node.js and npm installed.
23 error If you do, this is most likely a problem with the try2 package,
23 error not with npm itself.
23 error Tell the author that this fails on your system:
23 error     codeceptjs run "--reporter" "mochawesome"
23 error You can get information on how to open an issue for this project with:
23 error     npm bugs try2
23 error Or if that isn't available, you can get their info via:
23 error     npm owner ls try2
23 error There is likely additional logging output above.
24 verbose exit [ 1, true ]
